{
  "uid" : "ce7a1c6c5b187370",
  "name" : "test_wrong_login",
  "fullName" : "test_litecart_login_v3_remote.TestLogin#test_wrong_login",
  "historyId" : "12fe939f116a3541a829720e6fd5d7a1",
  "time" : {
    "start" : 1615368619058,
    "stop" : 1615368630288,
    "duration" : 11230
  },
  "status" : "broken",
  "statusMessage" : "selenium.common.exceptions.NoSuchElementException: Message: no such element: Unable to locate element: {\"method\":\"xpath\",\"selector\":\"//*[contains(text(), 'You are now logged in as John Doe.')]\"}\n  (Session info: chrome=88.0.4324.150)\n  (Driver info: chromedriver=88.0.4324.27 (6347fe8bf1e48bd0c54d07dc55ca011cf40861c9-refs/branch-heads/4324@{#450}),platform=Windows NT 10.0.19042 x86_64) (WARNING: The server did not provide any stacktrace information)\nCommand duration or timeout: 1.06 seconds\nFor documentation on this error, please visit: http://seleniumhq.org/exceptions/no_such_element.html\nBuild info: version: '2.53.0', revision: '35ae25b', time: '2016-03-15 17:00:58'\nSystem info: host: '10-144-227-130', ip: '10.144.227.130', os.name: 'windows', os.arch: 'x86', os.version: '10.0', java.version: '1.8.0_181'\nDriver info: org.openqa.selenium.chrome.ChromeDriver\nCapabilities [{mobileEmulationEnabled=false, timeouts={implicit=0, pageLoad=300000, script=30000}, hasTouchScreen=false, platform=XP, acceptSslCerts=false, goog:chromeOptions={debuggerAddress=localhost:2507}, acceptInsecureCerts=false, webStorageEnabled=true, browserName=chrome, takesScreenshot=true, javascriptEnabled=true, setWindowRect=true, webauthn:extension:largeBlob=true, unexpectedAlertBehaviour=ignore, applicationCacheEnabled=false, rotatable=false, networkConnectionEnabled=false, chrome={chromedriverVersion=88.0.4324.27 (6347fe8bf1e48bd0c54d07dc55ca011cf40861c9-refs/branch-heads/4324@{#450}), userDataDir=C:\\Windows\\proxy\\scoped_dir11364_1973652964}, takesHeapSnapshot=true, pageLoadStrategy=normal, strictFileInteractability=false, databaseEnabled=false, handlesAlerts=true, version=88.0.4324.150, browserConnectionEnabled=false, proxy={}, nativeEvents=true, locationContextEnabled=true, cssSelectorsEnabled=true, webauthn:virtualAuthenticators=true}]\nSession ID: 2be4a640a254de90478e46defd61bdf6\n*** Element info: {Using=xpath, value=//*[contains(text(), 'You are now logged in as John Doe.')]}\nScreenshot: available via screen\nStacktrace:\n    at sun.reflect.NativeConstructorAccessorImpl.newInstance0 (None:-2)\n    at sun.reflect.NativeConstructorAccessorImpl.newInstance (None:-1)\n    at sun.reflect.DelegatingConstructorAccessorImpl.newInstance (None:-1)\n    at java.lang.reflect.Constructor.newInstance (None:-1)\n    at org.openqa.selenium.remote.ErrorHandler.createThrowable (ErrorHandler.java:206)\n    at org.openqa.selenium.remote.ErrorHandler.throwIfResponseFailed (ErrorHandler.java:158)\n    at org.openqa.selenium.remote.RemoteWebDriver.execute (RemoteWebDriver.java:678)\n    at org.openqa.selenium.remote.RemoteWebDriver.findElement (RemoteWebDriver.java:363)\n    at org.openqa.selenium.remote.RemoteWebDriver.findElementByXPath (RemoteWebDriver.java:500)\n    at org.openqa.selenium.By$ByXPath.findElement (By.java:361)\n    at org.openqa.selenium.remote.RemoteWebDriver.findElement (RemoteWebDriver.java:355)\n    at sun.reflect.NativeMethodAccessorImpl.invoke0 (None:-2)\n    at sun.reflect.NativeMethodAccessorImpl.invoke (None:-1)\n    at sun.reflect.DelegatingMethodAccessorImpl.invoke (None:-1)\n    at java.lang.reflect.Method.invoke (None:-1)\n    at org.openqa.selenium.support.events.EventFiringWebDriver$2.invoke (EventFiringWebDriver.java:103)\n    at com.sun.proxy.$Proxy1.findElement (None:-1)\n    at org.openqa.selenium.support.events.EventFiringWebDriver.findElement (EventFiringWebDriver.java:188)\n    at org.openqa.selenium.remote.server.handler.FindElement.call (FindElement.java:48)\n    at org.openqa.selenium.remote.server.handler.FindElement.call (FindElement.java:1)\n    at java.util.concurrent.FutureTask.run (None:-1)\n    at org.openqa.selenium.remote.server.DefaultSession$1.run (DefaultSession.java:176)\n    at java.util.concurrent.ThreadPoolExecutor.runWorker (None:-1)\n    at java.util.concurrent.ThreadPoolExecutor$Worker.run (None:-1)\n    at java.lang.Thread.run (None:-1)",
  "statusTrace" : "self = <tests.ui.test_litecart_login_v3_remote.TestLogin object at 0x7f9034147eb0>\n\n    def test_wrong_login(self):\n        self.login_page = LoginPage(self.driver)\n        self.login_page.go_online()\n        self.login_page.login_to_litecart()\n>       assert self.login_page.wait_for_text_to_appear == \"You are now logged in as John Doe.\"\n\ntest_litecart_login_v3_remote.py:17: \n_ _ _ _ _ _ _ _ _ _ _ _ _ _ _ _ _ _ _ _ _ _ _ _ _ _ _ _ _ _ _ _ _ _ _ _ _ _ _ _ _ _ _ _ _ _ _ _ _ _ _ _ _ _ _ _ _ _ _ _ _ _ _ _ _ _ _ _ _ _ _ _ _ _ _ _ _ _ _ _ _ _ _\n../../src/pages/login_page.py:36: in wait_for_text_to_appear\n    return self.driver.find_element_by_xpath(\"//*[contains(text(), 'You are now logged in as John Doe.')]\").text\n../../venv/lib/python3.8/site-packages/selenium/webdriver/remote/webdriver.py:394: in find_element_by_xpath\n    return self.find_element(by=By.XPATH, value=xpath)\n../../venv/lib/python3.8/site-packages/selenium/webdriver/remote/webdriver.py:976: in find_element\n    return self.execute(Command.FIND_ELEMENT, {\n../../venv/lib/python3.8/site-packages/selenium/webdriver/remote/webdriver.py:321: in execute\n    self.error_handler.check_response(response)\n_ _ _ _ _ _ _ _ _ _ _ _ _ _ _ _ _ _ _ _ _ _ _ _ _ _ _ _ _ _ _ _ _ _ _ _ _ _ _ _ _ _ _ _ _ _ _ _ _ _ _ _ _ _ _ _ _ _ _ _ _ _ _ _ _ _ _ _ _ _ _ _ _ _ _ _ _ _ _ _ _ _ _\n\nself = <selenium.webdriver.remote.errorhandler.ErrorHandler object at 0x7f90341bcaf0>\nresponse = {'status': 500, 'value': '{\"sessionId\":\"ec77ce56bafbdb0f107f737e5aa2ea0f4fef31e0\",\"state\":\"no such element\",\"hCode\":32...AACEC6AX8Q\\\\nAAQghw6AABA1FID/HzWUZEFt9pV5AAAAAElFTkSuQmCC\"},\"class\":\"org.openqa.selenium.remote.Response\",\"status\":7}'}\n\n    def check_response(self, response):\n        \"\"\"\n        Checks that a JSON response from the WebDriver does not have an error.\n    \n        :Args:\n         - response - The JSON response from the WebDriver server as a dictionary\n           object.\n    \n        :Raises: If the response contains an error message.\n        \"\"\"\n        status = response.get('status', None)\n        if status is None or status == ErrorCode.SUCCESS:\n            return\n        value = None\n        message = response.get(\"message\", \"\")\n        screen = response.get(\"screen\", \"\")\n        stacktrace = None\n        if isinstance(status, int):\n            value_json = response.get('value', None)\n            if value_json and isinstance(value_json, basestring):\n                import json\n                try:\n                    value = json.loads(value_json)\n                    if len(value.keys()) == 1:\n                        value = value['value']\n                    status = value.get('error', None)\n                    if status is None:\n                        status = value[\"status\"]\n                        message = value[\"value\"]\n                        if not isinstance(message, basestring):\n                            value = message\n                            message = message.get('message')\n                    else:\n                        message = value.get('message', None)\n                except ValueError:\n                    pass\n    \n        exception_class = ErrorInResponseException\n        if status in ErrorCode.NO_SUCH_ELEMENT:\n            exception_class = NoSuchElementException\n        elif status in ErrorCode.NO_SUCH_FRAME:\n            exception_class = NoSuchFrameException\n        elif status in ErrorCode.NO_SUCH_WINDOW:\n            exception_class = NoSuchWindowException\n        elif status in ErrorCode.STALE_ELEMENT_REFERENCE:\n            exception_class = StaleElementReferenceException\n        elif status in ErrorCode.ELEMENT_NOT_VISIBLE:\n            exception_class = ElementNotVisibleException\n        elif status in ErrorCode.INVALID_ELEMENT_STATE:\n            exception_class = InvalidElementStateException\n        elif status in ErrorCode.INVALID_SELECTOR \\\n                or status in ErrorCode.INVALID_XPATH_SELECTOR \\\n                or status in ErrorCode.INVALID_XPATH_SELECTOR_RETURN_TYPER:\n            exception_class = InvalidSelectorException\n        elif status in ErrorCode.ELEMENT_IS_NOT_SELECTABLE:\n            exception_class = ElementNotSelectableException\n        elif status in ErrorCode.ELEMENT_NOT_INTERACTABLE:\n            exception_class = ElementNotInteractableException\n        elif status in ErrorCode.INVALID_COOKIE_DOMAIN:\n            exception_class = InvalidCookieDomainException\n        elif status in ErrorCode.UNABLE_TO_SET_COOKIE:\n            exception_class = UnableToSetCookieException\n        elif status in ErrorCode.TIMEOUT:\n            exception_class = TimeoutException\n        elif status in ErrorCode.SCRIPT_TIMEOUT:\n            exception_class = TimeoutException\n        elif status in ErrorCode.UNKNOWN_ERROR:\n            exception_class = WebDriverException\n        elif status in ErrorCode.UNEXPECTED_ALERT_OPEN:\n            exception_class = UnexpectedAlertPresentException\n        elif status in ErrorCode.NO_ALERT_OPEN:\n            exception_class = NoAlertPresentException\n        elif status in ErrorCode.IME_NOT_AVAILABLE:\n            exception_class = ImeNotAvailableException\n        elif status in ErrorCode.IME_ENGINE_ACTIVATION_FAILED:\n            exception_class = ImeActivationFailedException\n        elif status in ErrorCode.MOVE_TARGET_OUT_OF_BOUNDS:\n            exception_class = MoveTargetOutOfBoundsException\n        elif status in ErrorCode.JAVASCRIPT_ERROR:\n            exception_class = JavascriptException\n        elif status in ErrorCode.SESSION_NOT_CREATED:\n            exception_class = SessionNotCreatedException\n        elif status in ErrorCode.INVALID_ARGUMENT:\n            exception_class = InvalidArgumentException\n        elif status in ErrorCode.NO_SUCH_COOKIE:\n            exception_class = NoSuchCookieException\n        elif status in ErrorCode.UNABLE_TO_CAPTURE_SCREEN:\n            exception_class = ScreenshotException\n        elif status in ErrorCode.ELEMENT_CLICK_INTERCEPTED:\n            exception_class = ElementClickInterceptedException\n        elif status in ErrorCode.INSECURE_CERTIFICATE:\n            exception_class = InsecureCertificateException\n        elif status in ErrorCode.INVALID_COORDINATES:\n            exception_class = InvalidCoordinatesException\n        elif status in ErrorCode.INVALID_SESSION_ID:\n            exception_class = InvalidSessionIdException\n        elif status in ErrorCode.UNKNOWN_METHOD:\n            exception_class = UnknownMethodException\n        else:\n            exception_class = WebDriverException\n        if value == '' or value is None:\n            value = response['value']\n        if isinstance(value, basestring):\n            if exception_class == ErrorInResponseException:\n                raise exception_class(response, value)\n            raise exception_class(value)\n        if message == \"\" and 'message' in value:\n            message = value['message']\n    \n        screen = None\n        if 'screen' in value:\n            screen = value['screen']\n    \n        stacktrace = None\n        if 'stackTrace' in value and value['stackTrace']:\n            stacktrace = []\n            try:\n                for frame in value['stackTrace']:\n                    line = self._value_or_default(frame, 'lineNumber', '')\n                    file = self._value_or_default(frame, 'fileName', '<anonymous>')\n                    if line:\n                        file = \"%s:%s\" % (file, line)\n                    meth = self._value_or_default(frame, 'methodName', '<anonymous>')\n                    if 'className' in frame:\n                        meth = \"%s.%s\" % (frame['className'], meth)\n                    msg = \"    at %s (%s)\"\n                    msg = msg % (meth, file)\n                    stacktrace.append(msg)\n            except TypeError:\n                pass\n        if exception_class == ErrorInResponseException:\n            raise exception_class(response, message)\n        elif exception_class == UnexpectedAlertPresentException:\n            alert_text = None\n            if 'data' in value:\n                alert_text = value['data'].get('text')\n            elif 'alert' in value:\n                alert_text = value['alert'].get('text')\n            raise exception_class(message, screen, stacktrace, alert_text)\n>       raise exception_class(message, screen, stacktrace)\nE       selenium.common.exceptions.NoSuchElementException: Message: no such element: Unable to locate element: {\"method\":\"xpath\",\"selector\":\"//*[contains(text(), 'You are now logged in as John Doe.')]\"}\nE         (Session info: chrome=88.0.4324.150)\nE         (Driver info: chromedriver=88.0.4324.27 (6347fe8bf1e48bd0c54d07dc55ca011cf40861c9-refs/branch-heads/4324@{#450}),platform=Windows NT 10.0.19042 x86_64) (WARNING: The server did not provide any stacktrace information)\nE       Command duration or timeout: 1.06 seconds\nE       For documentation on this error, please visit: http://seleniumhq.org/exceptions/no_such_element.html\nE       Build info: version: '2.53.0', revision: '35ae25b', time: '2016-03-15 17:00:58'\nE       System info: host: '10-144-227-130', ip: '10.144.227.130', os.name: 'windows', os.arch: 'x86', os.version: '10.0', java.version: '1.8.0_181'\nE       Driver info: org.openqa.selenium.chrome.ChromeDriver\nE       Capabilities [{mobileEmulationEnabled=false, timeouts={implicit=0, pageLoad=300000, script=30000}, hasTouchScreen=false, platform=XP, acceptSslCerts=false, goog:chromeOptions={debuggerAddress=localhost:2507}, acceptInsecureCerts=false, webStorageEnabled=true, browserName=chrome, takesScreenshot=true, javascriptEnabled=true, setWindowRect=true, webauthn:extension:largeBlob=true, unexpectedAlertBehaviour=ignore, applicationCacheEnabled=false, rotatable=false, networkConnectionEnabled=false, chrome={chromedriverVersion=88.0.4324.27 (6347fe8bf1e48bd0c54d07dc55ca011cf40861c9-refs/branch-heads/4324@{#450}), userDataDir=C:\\Windows\\proxy\\scoped_dir11364_1973652964}, takesHeapSnapshot=true, pageLoadStrategy=normal, strictFileInteractability=false, databaseEnabled=false, handlesAlerts=true, version=88.0.4324.150, browserConnectionEnabled=false, proxy={}, nativeEvents=true, locationContextEnabled=true, cssSelectorsEnabled=true, webauthn:virtualAuthenticators=true}]\nE       Session ID: 2be4a640a254de90478e46defd61bdf6\nE       *** Element info: {Using=xpath, value=//*[contains(text(), 'You are now logged in as John Doe.')]}\nE       Screenshot: available via screen\nE       Stacktrace:\nE           at sun.reflect.NativeConstructorAccessorImpl.newInstance0 (None:-2)\nE           at sun.reflect.NativeConstructorAccessorImpl.newInstance (None:-1)\nE           at sun.reflect.DelegatingConstructorAccessorImpl.newInstance (None:-1)\nE           at java.lang.reflect.Constructor.newInstance (None:-1)\nE           at org.openqa.selenium.remote.ErrorHandler.createThrowable (ErrorHandler.java:206)\nE           at org.openqa.selenium.remote.ErrorHandler.throwIfResponseFailed (ErrorHandler.java:158)\nE           at org.openqa.selenium.remote.RemoteWebDriver.execute (RemoteWebDriver.java:678)\nE           at org.openqa.selenium.remote.RemoteWebDriver.findElement (RemoteWebDriver.java:363)\nE           at org.openqa.selenium.remote.RemoteWebDriver.findElementByXPath (RemoteWebDriver.java:500)\nE           at org.openqa.selenium.By$ByXPath.findElement (By.java:361)\nE           at org.openqa.selenium.remote.RemoteWebDriver.findElement (RemoteWebDriver.java:355)\nE           at sun.reflect.NativeMethodAccessorImpl.invoke0 (None:-2)\nE           at sun.reflect.NativeMethodAccessorImpl.invoke (None:-1)\nE           at sun.reflect.DelegatingMethodAccessorImpl.invoke (None:-1)\nE           at java.lang.reflect.Method.invoke (None:-1)\nE           at org.openqa.selenium.support.events.EventFiringWebDriver$2.invoke (EventFiringWebDriver.java:103)\nE           at com.sun.proxy.$Proxy1.findElement (None:-1)\nE           at org.openqa.selenium.support.events.EventFiringWebDriver.findElement (EventFiringWebDriver.java:188)\nE           at org.openqa.selenium.remote.server.handler.FindElement.call (FindElement.java:48)\nE           at org.openqa.selenium.remote.server.handler.FindElement.call (FindElement.java:1)\nE           at java.util.concurrent.FutureTask.run (None:-1)\nE           at org.openqa.selenium.remote.server.DefaultSession$1.run (DefaultSession.java:176)\nE           at java.util.concurrent.ThreadPoolExecutor.runWorker (None:-1)\nE           at java.util.concurrent.ThreadPoolExecutor$Worker.run (None:-1)\nE           at java.lang.Thread.run (None:-1)\n\n../../venv/lib/python3.8/site-packages/selenium/webdriver/remote/errorhandler.py:242: NoSuchElementException",
  "flaky" : false,
  "newFailed" : false,
  "beforeStages" : [ {
    "name" : "get_driver_remote_browser_stack",
    "time" : {
      "start" : 1615368613122,
      "stop" : 1615368619056,
      "duration" : 5934
    },
    "status" : "passed",
    "steps" : [ ],
    "attachments" : [ ],
    "parameters" : [ ],
    "stepsCount" : 0,
    "attachmentsCount" : 0,
    "shouldDisplayMessage" : false,
    "hasContent" : false
  } ],
  "testStage" : {
    "status" : "broken",
    "statusMessage" : "selenium.common.exceptions.NoSuchElementException: Message: no such element: Unable to locate element: {\"method\":\"xpath\",\"selector\":\"//*[contains(text(), 'You are now logged in as John Doe.')]\"}\n  (Session info: chrome=88.0.4324.150)\n  (Driver info: chromedriver=88.0.4324.27 (6347fe8bf1e48bd0c54d07dc55ca011cf40861c9-refs/branch-heads/4324@{#450}),platform=Windows NT 10.0.19042 x86_64) (WARNING: The server did not provide any stacktrace information)\nCommand duration or timeout: 1.06 seconds\nFor documentation on this error, please visit: http://seleniumhq.org/exceptions/no_such_element.html\nBuild info: version: '2.53.0', revision: '35ae25b', time: '2016-03-15 17:00:58'\nSystem info: host: '10-144-227-130', ip: '10.144.227.130', os.name: 'windows', os.arch: 'x86', os.version: '10.0', java.version: '1.8.0_181'\nDriver info: org.openqa.selenium.chrome.ChromeDriver\nCapabilities [{mobileEmulationEnabled=false, timeouts={implicit=0, pageLoad=300000, script=30000}, hasTouchScreen=false, platform=XP, acceptSslCerts=false, goog:chromeOptions={debuggerAddress=localhost:2507}, acceptInsecureCerts=false, webStorageEnabled=true, browserName=chrome, takesScreenshot=true, javascriptEnabled=true, setWindowRect=true, webauthn:extension:largeBlob=true, unexpectedAlertBehaviour=ignore, applicationCacheEnabled=false, rotatable=false, networkConnectionEnabled=false, chrome={chromedriverVersion=88.0.4324.27 (6347fe8bf1e48bd0c54d07dc55ca011cf40861c9-refs/branch-heads/4324@{#450}), userDataDir=C:\\Windows\\proxy\\scoped_dir11364_1973652964}, takesHeapSnapshot=true, pageLoadStrategy=normal, strictFileInteractability=false, databaseEnabled=false, handlesAlerts=true, version=88.0.4324.150, browserConnectionEnabled=false, proxy={}, nativeEvents=true, locationContextEnabled=true, cssSelectorsEnabled=true, webauthn:virtualAuthenticators=true}]\nSession ID: 2be4a640a254de90478e46defd61bdf6\n*** Element info: {Using=xpath, value=//*[contains(text(), 'You are now logged in as John Doe.')]}\nScreenshot: available via screen\nStacktrace:\n    at sun.reflect.NativeConstructorAccessorImpl.newInstance0 (None:-2)\n    at sun.reflect.NativeConstructorAccessorImpl.newInstance (None:-1)\n    at sun.reflect.DelegatingConstructorAccessorImpl.newInstance (None:-1)\n    at java.lang.reflect.Constructor.newInstance (None:-1)\n    at org.openqa.selenium.remote.ErrorHandler.createThrowable (ErrorHandler.java:206)\n    at org.openqa.selenium.remote.ErrorHandler.throwIfResponseFailed (ErrorHandler.java:158)\n    at org.openqa.selenium.remote.RemoteWebDriver.execute (RemoteWebDriver.java:678)\n    at org.openqa.selenium.remote.RemoteWebDriver.findElement (RemoteWebDriver.java:363)\n    at org.openqa.selenium.remote.RemoteWebDriver.findElementByXPath (RemoteWebDriver.java:500)\n    at org.openqa.selenium.By$ByXPath.findElement (By.java:361)\n    at org.openqa.selenium.remote.RemoteWebDriver.findElement (RemoteWebDriver.java:355)\n    at sun.reflect.NativeMethodAccessorImpl.invoke0 (None:-2)\n    at sun.reflect.NativeMethodAccessorImpl.invoke (None:-1)\n    at sun.reflect.DelegatingMethodAccessorImpl.invoke (None:-1)\n    at java.lang.reflect.Method.invoke (None:-1)\n    at org.openqa.selenium.support.events.EventFiringWebDriver$2.invoke (EventFiringWebDriver.java:103)\n    at com.sun.proxy.$Proxy1.findElement (None:-1)\n    at org.openqa.selenium.support.events.EventFiringWebDriver.findElement (EventFiringWebDriver.java:188)\n    at org.openqa.selenium.remote.server.handler.FindElement.call (FindElement.java:48)\n    at org.openqa.selenium.remote.server.handler.FindElement.call (FindElement.java:1)\n    at java.util.concurrent.FutureTask.run (None:-1)\n    at org.openqa.selenium.remote.server.DefaultSession$1.run (DefaultSession.java:176)\n    at java.util.concurrent.ThreadPoolExecutor.runWorker (None:-1)\n    at java.util.concurrent.ThreadPoolExecutor$Worker.run (None:-1)\n    at java.lang.Thread.run (None:-1)",
    "statusTrace" : "self = <tests.ui.test_litecart_login_v3_remote.TestLogin object at 0x7f9034147eb0>\n\n    def test_wrong_login(self):\n        self.login_page = LoginPage(self.driver)\n        self.login_page.go_online()\n        self.login_page.login_to_litecart()\n>       assert self.login_page.wait_for_text_to_appear == \"You are now logged in as John Doe.\"\n\ntest_litecart_login_v3_remote.py:17: \n_ _ _ _ _ _ _ _ _ _ _ _ _ _ _ _ _ _ _ _ _ _ _ _ _ _ _ _ _ _ _ _ _ _ _ _ _ _ _ _ _ _ _ _ _ _ _ _ _ _ _ _ _ _ _ _ _ _ _ _ _ _ _ _ _ _ _ _ _ _ _ _ _ _ _ _ _ _ _ _ _ _ _\n../../src/pages/login_page.py:36: in wait_for_text_to_appear\n    return self.driver.find_element_by_xpath(\"//*[contains(text(), 'You are now logged in as John Doe.')]\").text\n../../venv/lib/python3.8/site-packages/selenium/webdriver/remote/webdriver.py:394: in find_element_by_xpath\n    return self.find_element(by=By.XPATH, value=xpath)\n../../venv/lib/python3.8/site-packages/selenium/webdriver/remote/webdriver.py:976: in find_element\n    return self.execute(Command.FIND_ELEMENT, {\n../../venv/lib/python3.8/site-packages/selenium/webdriver/remote/webdriver.py:321: in execute\n    self.error_handler.check_response(response)\n_ _ _ _ _ _ _ _ _ _ _ _ _ _ _ _ _ _ _ _ _ _ _ _ _ _ _ _ _ _ _ _ _ _ _ _ _ _ _ _ _ _ _ _ _ _ _ _ _ _ _ _ _ _ _ _ _ _ _ _ _ _ _ _ _ _ _ _ _ _ _ _ _ _ _ _ _ _ _ _ _ _ _\n\nself = <selenium.webdriver.remote.errorhandler.ErrorHandler object at 0x7f90341bcaf0>\nresponse = {'status': 500, 'value': '{\"sessionId\":\"ec77ce56bafbdb0f107f737e5aa2ea0f4fef31e0\",\"state\":\"no such element\",\"hCode\":32...AACEC6AX8Q\\\\nAAQghw6AABA1FID/HzWUZEFt9pV5AAAAAElFTkSuQmCC\"},\"class\":\"org.openqa.selenium.remote.Response\",\"status\":7}'}\n\n    def check_response(self, response):\n        \"\"\"\n        Checks that a JSON response from the WebDriver does not have an error.\n    \n        :Args:\n         - response - The JSON response from the WebDriver server as a dictionary\n           object.\n    \n        :Raises: If the response contains an error message.\n        \"\"\"\n        status = response.get('status', None)\n        if status is None or status == ErrorCode.SUCCESS:\n            return\n        value = None\n        message = response.get(\"message\", \"\")\n        screen = response.get(\"screen\", \"\")\n        stacktrace = None\n        if isinstance(status, int):\n            value_json = response.get('value', None)\n            if value_json and isinstance(value_json, basestring):\n                import json\n                try:\n                    value = json.loads(value_json)\n                    if len(value.keys()) == 1:\n                        value = value['value']\n                    status = value.get('error', None)\n                    if status is None:\n                        status = value[\"status\"]\n                        message = value[\"value\"]\n                        if not isinstance(message, basestring):\n                            value = message\n                            message = message.get('message')\n                    else:\n                        message = value.get('message', None)\n                except ValueError:\n                    pass\n    \n        exception_class = ErrorInResponseException\n        if status in ErrorCode.NO_SUCH_ELEMENT:\n            exception_class = NoSuchElementException\n        elif status in ErrorCode.NO_SUCH_FRAME:\n            exception_class = NoSuchFrameException\n        elif status in ErrorCode.NO_SUCH_WINDOW:\n            exception_class = NoSuchWindowException\n        elif status in ErrorCode.STALE_ELEMENT_REFERENCE:\n            exception_class = StaleElementReferenceException\n        elif status in ErrorCode.ELEMENT_NOT_VISIBLE:\n            exception_class = ElementNotVisibleException\n        elif status in ErrorCode.INVALID_ELEMENT_STATE:\n            exception_class = InvalidElementStateException\n        elif status in ErrorCode.INVALID_SELECTOR \\\n                or status in ErrorCode.INVALID_XPATH_SELECTOR \\\n                or status in ErrorCode.INVALID_XPATH_SELECTOR_RETURN_TYPER:\n            exception_class = InvalidSelectorException\n        elif status in ErrorCode.ELEMENT_IS_NOT_SELECTABLE:\n            exception_class = ElementNotSelectableException\n        elif status in ErrorCode.ELEMENT_NOT_INTERACTABLE:\n            exception_class = ElementNotInteractableException\n        elif status in ErrorCode.INVALID_COOKIE_DOMAIN:\n            exception_class = InvalidCookieDomainException\n        elif status in ErrorCode.UNABLE_TO_SET_COOKIE:\n            exception_class = UnableToSetCookieException\n        elif status in ErrorCode.TIMEOUT:\n            exception_class = TimeoutException\n        elif status in ErrorCode.SCRIPT_TIMEOUT:\n            exception_class = TimeoutException\n        elif status in ErrorCode.UNKNOWN_ERROR:\n            exception_class = WebDriverException\n        elif status in ErrorCode.UNEXPECTED_ALERT_OPEN:\n            exception_class = UnexpectedAlertPresentException\n        elif status in ErrorCode.NO_ALERT_OPEN:\n            exception_class = NoAlertPresentException\n        elif status in ErrorCode.IME_NOT_AVAILABLE:\n            exception_class = ImeNotAvailableException\n        elif status in ErrorCode.IME_ENGINE_ACTIVATION_FAILED:\n            exception_class = ImeActivationFailedException\n        elif status in ErrorCode.MOVE_TARGET_OUT_OF_BOUNDS:\n            exception_class = MoveTargetOutOfBoundsException\n        elif status in ErrorCode.JAVASCRIPT_ERROR:\n            exception_class = JavascriptException\n        elif status in ErrorCode.SESSION_NOT_CREATED:\n            exception_class = SessionNotCreatedException\n        elif status in ErrorCode.INVALID_ARGUMENT:\n            exception_class = InvalidArgumentException\n        elif status in ErrorCode.NO_SUCH_COOKIE:\n            exception_class = NoSuchCookieException\n        elif status in ErrorCode.UNABLE_TO_CAPTURE_SCREEN:\n            exception_class = ScreenshotException\n        elif status in ErrorCode.ELEMENT_CLICK_INTERCEPTED:\n            exception_class = ElementClickInterceptedException\n        elif status in ErrorCode.INSECURE_CERTIFICATE:\n            exception_class = InsecureCertificateException\n        elif status in ErrorCode.INVALID_COORDINATES:\n            exception_class = InvalidCoordinatesException\n        elif status in ErrorCode.INVALID_SESSION_ID:\n            exception_class = InvalidSessionIdException\n        elif status in ErrorCode.UNKNOWN_METHOD:\n            exception_class = UnknownMethodException\n        else:\n            exception_class = WebDriverException\n        if value == '' or value is None:\n            value = response['value']\n        if isinstance(value, basestring):\n            if exception_class == ErrorInResponseException:\n                raise exception_class(response, value)\n            raise exception_class(value)\n        if message == \"\" and 'message' in value:\n            message = value['message']\n    \n        screen = None\n        if 'screen' in value:\n            screen = value['screen']\n    \n        stacktrace = None\n        if 'stackTrace' in value and value['stackTrace']:\n            stacktrace = []\n            try:\n                for frame in value['stackTrace']:\n                    line = self._value_or_default(frame, 'lineNumber', '')\n                    file = self._value_or_default(frame, 'fileName', '<anonymous>')\n                    if line:\n                        file = \"%s:%s\" % (file, line)\n                    meth = self._value_or_default(frame, 'methodName', '<anonymous>')\n                    if 'className' in frame:\n                        meth = \"%s.%s\" % (frame['className'], meth)\n                    msg = \"    at %s (%s)\"\n                    msg = msg % (meth, file)\n                    stacktrace.append(msg)\n            except TypeError:\n                pass\n        if exception_class == ErrorInResponseException:\n            raise exception_class(response, message)\n        elif exception_class == UnexpectedAlertPresentException:\n            alert_text = None\n            if 'data' in value:\n                alert_text = value['data'].get('text')\n            elif 'alert' in value:\n                alert_text = value['alert'].get('text')\n            raise exception_class(message, screen, stacktrace, alert_text)\n>       raise exception_class(message, screen, stacktrace)\nE       selenium.common.exceptions.NoSuchElementException: Message: no such element: Unable to locate element: {\"method\":\"xpath\",\"selector\":\"//*[contains(text(), 'You are now logged in as John Doe.')]\"}\nE         (Session info: chrome=88.0.4324.150)\nE         (Driver info: chromedriver=88.0.4324.27 (6347fe8bf1e48bd0c54d07dc55ca011cf40861c9-refs/branch-heads/4324@{#450}),platform=Windows NT 10.0.19042 x86_64) (WARNING: The server did not provide any stacktrace information)\nE       Command duration or timeout: 1.06 seconds\nE       For documentation on this error, please visit: http://seleniumhq.org/exceptions/no_such_element.html\nE       Build info: version: '2.53.0', revision: '35ae25b', time: '2016-03-15 17:00:58'\nE       System info: host: '10-144-227-130', ip: '10.144.227.130', os.name: 'windows', os.arch: 'x86', os.version: '10.0', java.version: '1.8.0_181'\nE       Driver info: org.openqa.selenium.chrome.ChromeDriver\nE       Capabilities [{mobileEmulationEnabled=false, timeouts={implicit=0, pageLoad=300000, script=30000}, hasTouchScreen=false, platform=XP, acceptSslCerts=false, goog:chromeOptions={debuggerAddress=localhost:2507}, acceptInsecureCerts=false, webStorageEnabled=true, browserName=chrome, takesScreenshot=true, javascriptEnabled=true, setWindowRect=true, webauthn:extension:largeBlob=true, unexpectedAlertBehaviour=ignore, applicationCacheEnabled=false, rotatable=false, networkConnectionEnabled=false, chrome={chromedriverVersion=88.0.4324.27 (6347fe8bf1e48bd0c54d07dc55ca011cf40861c9-refs/branch-heads/4324@{#450}), userDataDir=C:\\Windows\\proxy\\scoped_dir11364_1973652964}, takesHeapSnapshot=true, pageLoadStrategy=normal, strictFileInteractability=false, databaseEnabled=false, handlesAlerts=true, version=88.0.4324.150, browserConnectionEnabled=false, proxy={}, nativeEvents=true, locationContextEnabled=true, cssSelectorsEnabled=true, webauthn:virtualAuthenticators=true}]\nE       Session ID: 2be4a640a254de90478e46defd61bdf6\nE       *** Element info: {Using=xpath, value=//*[contains(text(), 'You are now logged in as John Doe.')]}\nE       Screenshot: available via screen\nE       Stacktrace:\nE           at sun.reflect.NativeConstructorAccessorImpl.newInstance0 (None:-2)\nE           at sun.reflect.NativeConstructorAccessorImpl.newInstance (None:-1)\nE           at sun.reflect.DelegatingConstructorAccessorImpl.newInstance (None:-1)\nE           at java.lang.reflect.Constructor.newInstance (None:-1)\nE           at org.openqa.selenium.remote.ErrorHandler.createThrowable (ErrorHandler.java:206)\nE           at org.openqa.selenium.remote.ErrorHandler.throwIfResponseFailed (ErrorHandler.java:158)\nE           at org.openqa.selenium.remote.RemoteWebDriver.execute (RemoteWebDriver.java:678)\nE           at org.openqa.selenium.remote.RemoteWebDriver.findElement (RemoteWebDriver.java:363)\nE           at org.openqa.selenium.remote.RemoteWebDriver.findElementByXPath (RemoteWebDriver.java:500)\nE           at org.openqa.selenium.By$ByXPath.findElement (By.java:361)\nE           at org.openqa.selenium.remote.RemoteWebDriver.findElement (RemoteWebDriver.java:355)\nE           at sun.reflect.NativeMethodAccessorImpl.invoke0 (None:-2)\nE           at sun.reflect.NativeMethodAccessorImpl.invoke (None:-1)\nE           at sun.reflect.DelegatingMethodAccessorImpl.invoke (None:-1)\nE           at java.lang.reflect.Method.invoke (None:-1)\nE           at org.openqa.selenium.support.events.EventFiringWebDriver$2.invoke (EventFiringWebDriver.java:103)\nE           at com.sun.proxy.$Proxy1.findElement (None:-1)\nE           at org.openqa.selenium.support.events.EventFiringWebDriver.findElement (EventFiringWebDriver.java:188)\nE           at org.openqa.selenium.remote.server.handler.FindElement.call (FindElement.java:48)\nE           at org.openqa.selenium.remote.server.handler.FindElement.call (FindElement.java:1)\nE           at java.util.concurrent.FutureTask.run (None:-1)\nE           at org.openqa.selenium.remote.server.DefaultSession$1.run (DefaultSession.java:176)\nE           at java.util.concurrent.ThreadPoolExecutor.runWorker (None:-1)\nE           at java.util.concurrent.ThreadPoolExecutor$Worker.run (None:-1)\nE           at java.lang.Thread.run (None:-1)\n\n../../venv/lib/python3.8/site-packages/selenium/webdriver/remote/errorhandler.py:242: NoSuchElementException",
    "steps" : [ {
      "name" : "login_to_litecart",
      "time" : {
        "start" : 1615368621205,
        "stop" : 1615368628168,
        "duration" : 6963
      },
      "status" : "passed",
      "steps" : [ ],
      "attachments" : [ ],
      "parameters" : [ ],
      "stepsCount" : 0,
      "attachmentsCount" : 0,
      "shouldDisplayMessage" : false,
      "hasContent" : false
    } ],
    "attachments" : [ ],
    "parameters" : [ ],
    "stepsCount" : 1,
    "attachmentsCount" : 0,
    "shouldDisplayMessage" : true,
    "hasContent" : true
  },
  "afterStages" : [ {
    "name" : "get_driver_remote_browser_stack::0",
    "time" : {
      "start" : 1615368630441,
      "stop" : 1615368631957,
      "duration" : 1516
    },
    "status" : "passed",
    "steps" : [ ],
    "attachments" : [ ],
    "parameters" : [ ],
    "stepsCount" : 0,
    "attachmentsCount" : 0,
    "shouldDisplayMessage" : false,
    "hasContent" : false
  } ],
  "labels" : [ {
    "name" : "parentSuite"
  }, {
    "name" : "suite",
    "value" : "test_litecart_login_v3_remote"
  }, {
    "name" : "subSuite",
    "value" : "TestLogin"
  }, {
    "name" : "host",
    "value" : "Alpaca"
  }, {
    "name" : "thread",
    "value" : "48251-MainThread"
  }, {
    "name" : "framework",
    "value" : "pytest"
  }, {
    "name" : "language",
    "value" : "cpython3"
  }, {
    "name" : "package",
    "value" : "test_litecart_login_v3_remote"
  }, {
    "name" : "resultFormat",
    "value" : "allure2"
  } ],
  "parameters" : [ ],
  "links" : [ ],
  "hidden" : false,
  "retry" : false,
  "extra" : {
    "severity" : "normal",
    "retries" : [ ],
    "categories" : [ {
      "name" : "Test defects",
      "matchedStatuses" : [ ],
      "flaky" : false
    } ],
    "tags" : [ ]
  },
  "source" : "ce7a1c6c5b187370.json",
  "parameterValues" : [ ]
}